<?xml version="1.0" encoding="UTF-8"?>
<!-- Generated by org.testng.reporters.JUnitReportReporter -->
<testsuite hostname="DESKTOP-IOFHJH3" failures="0" tests="3" name="seleniumpractices.TestNGAnnoatationExample" time="56.374" errors="0" timestamp="2024-09-24T07:28:04 IST" skipped="0">
  <testcase classname="seleniumpractices.TestNGAnnoatationExample" name="VerifyURL" time="17.529"/>
  <system-out/>
  <testcase classname="seleniumpractices.TestNGAnnoatationExample" name="VerifyOrangeCheckbox" time="20.119"/>
  <system-out/>
  <testcase classname="seleniumpractices.TestNGAnnoatationExample" name="VerifyBlueCheckbox" time="18.726"/>
  <system-out/>
</testsuite> <!-- seleniumpractices.TestNGAnnoatationExample -->
