<?xml version="1.0" encoding="UTF-8"?>
<!-- Generated by org.testng.reporters.JUnitReportReporter -->
<testsuite hostname="DESKTOP-IOFHJH3" failures="0" tests="1" name="seleniumpractices.DataDrivenTestingUsingExcel" time="13.144" errors="0" timestamp="2024-09-26T22:37:09 IST" skipped="0">
  <testcase classname="seleniumpractices.DataDrivenTestingUsingExcel" name="createnewuser" time="13.144"/>
  <system-out/>
</testsuite> <!-- seleniumpractices.DataDrivenTestingUsingExcel -->
