<?xml version="1.0" encoding="UTF-8"?>
<!-- Generated by org.testng.reporters.JUnitReportReporter -->
<testsuite hostname="DESKTOP-IOFHJH3" failures="0" tests="5" name="seleniumpractices.GroupsinTestNG" time="78.597" errors="0" timestamp="2024-09-26T12:12:36 IST" skipped="0">
  <testcase classname="seleniumpractices.GroupsinTestNG" name="Verifybutton2isEnabled" time="18.356"/>
  <system-out/>
  <testcase classname="seleniumpractices.GroupsinTestNG" name="VerifyMultiselectionDropdown" time="15.024"/>
  <system-out/>
  <testcase classname="seleniumpractices.GroupsinTestNG" name="Verifybutton1isdisplayed" time="15.967"/>
  <system-out/>
  <testcase classname="seleniumpractices.GroupsinTestNG" name="VerifyTitle" time="14.850"/>
  <system-out/>
  <testcase classname="seleniumpractices.GroupsinTestNG" name="VerifyURL" time="14.400"/>
  <system-out/>
</testsuite> <!-- seleniumpractices.GroupsinTestNG -->
