<?xml version="1.0" encoding="UTF-8"?>
<!-- Generated by org.testng.reporters.JUnitReportReporter -->
<testsuite hostname="DESKTOP-IOFHJH3" failures="0" tests="1" name="seleniumpractices.TestNGAnnotations" time="0.024" errors="0" timestamp="2024-09-23T16:08:52 IST" skipped="0">
  <testcase classname="seleniumpractices.TestNGAnnotations" name="Testcase1" time="0.024"/>
  <system-out/>
</testsuite> <!-- seleniumpractices.TestNGAnnotations -->
