<?xml version="1.0" encoding="UTF-8"?>
<!-- Generated by org.testng.reporters.JUnitReportReporter -->
<testsuite hostname="DESKTOP-IOFHJH3" failures="0" tests="1" name="seleniumpractices.ImpliciteWaitHandling" time="23.732" errors="0" timestamp="2024-09-21T08:31:54 IST" skipped="0">
  <testcase classname="seleniumpractices.ImpliciteWaitHandling" name="verifyTitle" time="23.732"/>
  <system-out/>
</testsuite> <!-- seleniumpractices.ImpliciteWaitHandling -->
