<?xml version="1.0" encoding="UTF-8"?>
<!-- Generated by org.testng.reporters.JUnitReportReporter -->
<testsuite hostname="DESKTOP-IOFHJH3" failures="0" tests="1" name="seleniumpractices.VerifyTestCase" time="14.500" errors="0" timestamp="2024-09-23T15:57:20 IST" skipped="0">
  <testcase classname="seleniumpractices.VerifyTestCase" name="verifyTitle" time="14.500"/>
  <system-out/>
</testsuite> <!-- seleniumpractices.VerifyTestCase -->
