<?xml version="1.0" encoding="UTF-8"?>
<!-- Generated by org.testng.reporters.JUnitReportReporter -->
<testsuite hostname="DESKTOP-IOFHJH3" failures="0" tests="3" name="seleniumpractices.DataDrivenTesting" time="42.276" errors="0" timestamp="2024-09-25T12:22:27 IST" skipped="0">
  <testcase classname="seleniumpractices.DataDrivenTesting" name="verifyloginprocess" time="12.158"/>
  <system-out/>
  <testcase classname="seleniumpractices.DataDrivenTesting" name="verifyloginprocess" time="16.204"/>
  <system-out/>
  <testcase classname="seleniumpractices.DataDrivenTesting" name="verifyloginprocess" time="13.914"/>
  <system-out/>
</testsuite> <!-- seleniumpractices.DataDrivenTesting -->
